2014-Nov-07 13:09:09 Наличие необходимых модулей php (check_php_modules): Ok
Все необходимые модули установлены
2014-Nov-07 13:09:10 Обязательные параметры PHP (check_php_settings): Ok
Настройки правильные
2014-Nov-07 13:09:10 Модули веб-сервера (check_security): Ok
Конфликтов не выявлено
2014-Nov-07 13:09:10 Значения переменных сервера (check_server_vars): Ok
Корректные
2014-Nov-07 13:09:10 Сохранение сессии (check_session): Ok
50% done
2014-Nov-07 13:09:10 Сохранение сессии (check_session): Ok
Успешно
2014-Nov-07 13:09:11 Параметры настройки UTF (mbstring и константа BX_UTF) (check_mbstring): Ok
Правильные. Сайт работает в UTF кодировке
2014-Nov-07 13:09:11 Работа с сокетами (check_socket): Ok
Connection to nts.com:80	Success

Успешно
2014-Nov-07 13:09:11 Лишний вывод в файлах конфигурации (check_dbconn): Ok
Connection to nts.com:80	Success

Успешно
2014-Nov-07 13:09:11 Выполнение агентов на cron (check_bx_crontab): Warning
Замечание. Агенты выполняются на хитах, рекомендуется перевести выполнение агентов на cron
2014-Nov-07 13:09:12 Сохранение сессии без UserAgent (check_session_ua): Ok
50% done
Connection to nts.com:80	Success

2014-Nov-07 13:09:12 Сохранение сессии без UserAgent (check_session_ua): Ok
Connection to nts.com:80	Success

Успешно
2014-Nov-07 13:09:12 Настройки сайтов (check_sites): Ok
Правильные
2014-Nov-07 13:09:12 Служебные скрипты в корне сайта (check_install_scripts): Ok
Отсутствуют
2014-Nov-07 13:09:13 Передача объектов по ссылке (check_clone): Ok
Успешно
2014-Nov-07 13:09:13 Размер стека и pcre.recursion_limit (check_pcre_recursion): Ok
Connection to nts.com:80	Success

Успешно
2014-Nov-07 13:09:13 Вызов method_exists на строке (check_method_exists): Ok
Connection to nts.com:80	Success

Успешно
2014-Nov-07 13:09:13 Загрузка файла (check_upload): Ok
Connection to nts.com:80	Success

Успешно
2014-Nov-07 13:09:14 Загрузка файла больше 4Мб (check_upload_big): Ok
Connection to nts.com:80	Success

Успешно
2014-Nov-07 13:09:14 Загрузка файла через php://input (check_upload_raw): Ok
Connection to nts.com:80	Success

Успешно
2014-Nov-07 13:09:14 Передача POST запроса с большим числом параметров (check_post): Ok
Connection to nts.com:80	Success

Успешно
2014-Nov-07 13:09:17 Отправка почты (check_mail): Fail
Ошибка! Отправлено. Время отправки: 3.05 сек.
2014-Nov-07 13:09:44 Отправка почтового сообщения больше 64Кб (check_mail_big): Fail
Ошибка! Отправлено. Время отправки: 26.81 сек.
2014-Nov-07 13:09:45 Проверка на наличие неотправленных сообщений (check_mail_b_event): Ok
Успешно
2014-Nov-07 13:09:45 Внутреннее перенаправление (функция LocalRedirect) (check_localredirect): Ok
50% done
Connection to nts.com:80	Success

2014-Nov-07 13:09:45 Внутреннее перенаправление (функция LocalRedirect) (check_localredirect): Ok
Connection to nts.com:80	Success

Успешно
2014-Nov-07 13:09:45 Фактическое ограничение памяти (check_memory_limit): Ok
20% done
Connection to nts.com:80	Success

2014-Nov-07 13:09:45 Фактическое ограничение памяти (check_memory_limit): Ok
40% done
Connection to nts.com:80	Success

2014-Nov-07 13:09:46 Фактическое ограничение памяти (check_memory_limit): Ok
60% done
Connection to nts.com:80	Success

2014-Nov-07 13:09:46 Фактическое ограничение памяти (check_memory_limit): Ok
80% done
Connection to nts.com:80	Success

2014-Nov-07 13:09:47 Фактическое ограничение памяти (check_memory_limit): Ok
Connection to nts.com:80	Success

Не менее 256 М
2014-Nov-07 13:09:47 Работа с файлами кеша (check_cache): Ok
Успешно
2014-Nov-07 13:09:47 Доступ к серверу обновлений (check_update): Ok
Успешно
2014-Nov-07 13:09:48 HTTP авторизация (check_http_auth): Ok
Connection to nts.com:80	Success

Успешно
2014-Nov-07 13:09:48 Создание и запуск файла (check_exec): Ok
Connection to nts.com:80	Success

Успешно
2014-Nov-07 13:09:48 Функция getimagesize для swf (check_getimagesize): Ok
Успешно
2014-Nov-07 13:09:48 Версия MySQL сервера (check_mysql_bug_version): Ok
Успешно
2014-Nov-07 13:09:50 Время на БД и веб сервере (check_mysql_time): Fail
Ошибка! Время отличается на 3600 секунд
2014-Nov-07 13:09:50 Режим работы MySQL (check_mysql_mode): Ok
Успешно
2014-Nov-07 13:09:50 Кодировка соединения (check_mysql_connection_charset): Ok
character_set_connection=utf8, collation_connection=utf8_unicode_ci, character_set_results=utf8
Успешно
2014-Nov-07 13:09:50 Кодировка базы данных (check_mysql_db_charset): Ok
CHARSET=utf8, COLLATION=utf8_unicode_ci
Успешно
2014-Nov-07 13:09:51 Кодировки таблиц в БД (check_mysql_table_charset): Ok
Успешно
2014-Nov-07 13:09:51 Структура базы данных (check_mysql_table_structure): Ok
0% done
2014-Nov-07 13:09:51 Структура базы данных (check_mysql_table_structure): Ok
9% done
2014-Nov-07 13:09:52 Структура базы данных (check_mysql_table_structure): Ok
18% done
2014-Nov-07 13:09:52 Структура базы данных (check_mysql_table_structure): Ok
27% done
2014-Nov-07 13:09:53 Структура базы данных (check_mysql_table_structure): Ok
36% done
2014-Nov-07 13:09:55 Структура базы данных (check_mysql_table_structure): Ok
45% done
2014-Nov-07 13:10:02 Структура базы данных (check_mysql_table_structure): Ok
54% done
2014-Nov-07 13:10:03 Структура базы данных (check_mysql_table_structure): Ok
63% done
2014-Nov-07 13:10:05 Структура базы данных (check_mysql_table_structure): Ok
72% done
2014-Nov-07 13:10:06 Структура базы данных (check_mysql_table_structure): Ok
81% done
2014-Nov-07 13:10:06 Структура базы данных (check_mysql_table_structure): Ok
90% done
2014-Nov-07 13:10:06 Структура базы данных (check_mysql_table_structure): Ok
Успешно
